<?xml version="1.0" encoding="UTF-8"?>
<!-- Generated by org.testng.reporters.JUnitReportReporter -->
<testsuite hostname="MWDH-Work2" failures="0" tests="1" name="ass2W10D4.ChromWebDriverAss2W10D4" time="4.389" errors="0" timestamp="2022-08-20T19:29:20 AST" skipped="0">
  <testcase classname="ass2W10D4.ChromWebDriverAss2W10D4" name="verifyYahooPageTitle" time="4.389"/>
  <system-out/>
</testsuite> <!-- ass2W10D4.ChromWebDriverAss2W10D4 -->
